c:\users\peyton\desktop\galileo-3d-printer-firmware\firmware\firmware\debug\vc120.pdb
c:\users\peyton\desktop\galileo-3d-printer-firmware\firmware\firmware\debug\vc120.idb
c:\users\peyton\desktop\galileo-3d-printer-firmware\firmware\firmware\debug\print.obj
c:\users\peyton\desktop\galileo-3d-printer-firmware\firmware\firmware\debug\stepper.obj
c:\users\peyton\desktop\galileo-3d-printer-firmware\firmware\firmware\debug\stream.obj
c:\users\peyton\desktop\galileo-3d-printer-firmware\firmware\firmware\debug\wstring.obj
c:\users\peyton\desktop\galileo-3d-printer-firmware\firmware\firmware\debug\eeprom.obj
c:\users\peyton\desktop\galileo-3d-printer-firmware\firmware\firmware\debug\servo.obj
c:\users\peyton\desktop\galileo-3d-printer-firmware\firmware\firmware\debug\hardwareserial.obj
c:\users\peyton\desktop\galileo-3d-printer-firmware\firmware\firmware\debug\networkserial.obj
c:\users\peyton\desktop\galileo-3d-printer-firmware\firmware\firmware\debug\pulsein.obj
c:\users\peyton\desktop\galileo-3d-printer-firmware\firmware\firmware\debug\dmapsupport.obj
c:\users\peyton\desktop\galileo-3d-printer-firmware\firmware\firmware\debug\galileopins.obj
c:\users\peyton\desktop\galileo-3d-printer-firmware\firmware\firmware\debug\gpiocontroller.obj
c:\users\peyton\desktop\galileo-3d-printer-firmware\firmware\firmware\debug\i2ccontroller.obj
c:\users\peyton\desktop\galileo-3d-printer-firmware\firmware\firmware\debug\pca9685support.obj
c:\users\peyton\desktop\galileo-3d-printer-firmware\firmware\firmware\debug\pcal9535asupport.obj
c:\users\peyton\desktop\galileo-3d-printer-firmware\firmware\firmware\debug\cy8c9540asupport.obj
c:\users\peyton\desktop\galileo-3d-printer-firmware\firmware\firmware\debug\spi.obj
c:\users\peyton\desktop\galileo-3d-printer-firmware\firmware\firmware\debug\spicontroller.obj
c:\users\peyton\desktop\galileo-3d-printer-firmware\firmware\firmware\debug\winterrupt.obj
c:\users\peyton\desktop\galileo-3d-printer-firmware\firmware\firmware\debug\arduino.obj
c:\users\peyton\desktop\galileo-3d-printer-firmware\firmware\firmware\debug\main.obj
c:\users\peyton\desktop\galileo-3d-printer-firmware\firmware\firmware\debug\stdafx.obj
c:\users\peyton\desktop\galileo-3d-printer-firmware\firmware\firmware\debug\liquidcrystal.obj
c:\users\peyton\desktop\galileo-3d-printer-firmware\firmware\firmware\debug\temperaturereader.obj
c:\users\peyton\desktop\galileo-3d-printer-firmware\firmware\firmware\debug\pid_autotune_v0.obj
c:\users\peyton\desktop\galileo-3d-printer-firmware\firmware\firmware\debug\pid_v1.obj
c:\users\peyton\desktop\galileo-3d-printer-firmware\firmware\debug\firmware.ilk
c:\users\peyton\desktop\galileo-3d-printer-firmware\firmware\debug\firmware.exe
c:\users\peyton\desktop\galileo-3d-printer-firmware\firmware\debug\firmware.pdb
c:\users\peyton\desktop\galileo-3d-printer-firmware\firmware\firmware\debug\firmware.tlog\cl.command.1.tlog
c:\users\peyton\desktop\galileo-3d-printer-firmware\firmware\firmware\debug\firmware.tlog\cl.read.1.tlog
c:\users\peyton\desktop\galileo-3d-printer-firmware\firmware\firmware\debug\firmware.tlog\cl.write.1.tlog
c:\users\peyton\desktop\galileo-3d-printer-firmware\firmware\firmware\debug\firmware.tlog\link.command.1.tlog
c:\users\peyton\desktop\galileo-3d-printer-firmware\firmware\firmware\debug\firmware.tlog\link.read.1.tlog
c:\users\peyton\desktop\galileo-3d-printer-firmware\firmware\firmware\debug\firmware.tlog\link.write.1.tlog
